<?xml version="1.0" encoding="UTF-8"?>
<!-- Generated by org.testng.reporters.JUnitXMLReporter -->
<testsuite ignored="2" hostname="ulker" failures="0" tests="1" name="Smoke Test" time="10.742" errors="0" timestamp="2023-10-19T19:46:49 EDT">
  <testcase classname="com.neotech.testcases.LoginTest" name="validLogin" time="6.273"/>
  <testcase classname="com.neotech.testcases.LoginTest" name="invalidPasswordLogin" time="0.0">
    <ignored/>
  </testcase> <!-- invalidPasswordLogin -->
  <testcase classname="com.neotech.testcases.LoginTest" name="emptyPasswordLogin" time="0.0">
    <ignored/>
  </testcase> <!-- emptyPasswordLogin -->
</testsuite> <!-- Smoke Test -->
