<?xml version="1.0" encoding="UTF-8"?>
<!-- Generated by org.testng.reporters.JUnitXMLReporter -->
<testsuite ignored="0" hostname="ulker" failures="1" tests="3" name="Regression Test" time="26.547" errors="0" timestamp="2023-10-20T01:45:12 TRT">
  <testcase classname="com.neotech.testcases.LoginTest" name="emptyPasswordLogin" time="2.215"/>
  <testcase classname="com.neotech.testcases.LoginTest" name="invalidPasswordLogin" time="6.728">
    <failure type="java.lang.AssertionError" message="Error messages DO NOT match! expected [Invalid Credentials] but found [Invalid Credentials - 2]">
      <![CDATA[java.lang.AssertionError: Error messages DO NOT match! expected [Invalid Credentials] but found [Invalid Credentials - 2]
at com.neotech.testcases.LoginTest.invalidPasswordLogin(LoginTest.java:93)
at java.base/java.util.ArrayList.forEach(ArrayList.java:1511)
... Removed 32 stack frames]]>
    </failure>
  </testcase> <!-- invalidPasswordLogin -->
  <testcase classname="com.neotech.testcases.LoginTest" name="validLogin" time="6.173"/>
</testsuite> <!-- Regression Test -->
